<?xml version="1.0" encoding="UTF-8"?>
<testng-results skipped="0" failed="0" total="2" passed="2">
  <reporter-output>
  </reporter-output>
  <suite name="Default suite" duration-ms="4769" started-at="2019-02-07T05:05:22Z" finished-at="2019-02-07T05:05:27Z">
    <groups>
    </groups>
    <test name="Default test" duration-ms="4769" started-at="2019-02-07T05:05:22Z" finished-at="2019-02-07T05:05:27Z">
      <class name="com.qa.tests.GetAPITest">
        <test-method status="PASS" signature="setup()[pri:0, instance:com.qa.tests.GetAPITest@66d2e7d9]" name="setup" is-config="true" duration-ms="11" started-at="2019-02-07T10:35:22Z" finished-at="2019-02-07T10:35:22Z">
          <reporter-output>
          </reporter-output>
        </test-method> <!-- setup -->
        <test-method status="PASS" signature="getTest()[pri:0, instance:com.qa.tests.GetAPITest@66d2e7d9]" name="getTest" duration-ms="3977" started-at="2019-02-07T10:35:22Z" finished-at="2019-02-07T10:35:26Z">
          <reporter-output>
          </reporter-output>
        </test-method> <!-- getTest -->
        <test-method status="PASS" signature="setup()[pri:0, instance:com.qa.tests.GetAPITest@66d2e7d9]" name="setup" is-config="true" duration-ms="2" started-at="2019-02-07T10:35:26Z" finished-at="2019-02-07T10:35:26Z">
          <reporter-output>
          </reporter-output>
        </test-method> <!-- setup -->
        <test-method status="PASS" signature="getTestWithHeaders()[pri:0, instance:com.qa.tests.GetAPITest@66d2e7d9]" name="getTestWithHeaders" duration-ms="743" started-at="2019-02-07T10:35:26Z" finished-at="2019-02-07T10:35:27Z">
          <reporter-output>
          </reporter-output>
        </test-method> <!-- getTestWithHeaders -->
      </class> <!-- com.qa.tests.GetAPITest -->
    </test> <!-- Default test -->
  </suite> <!-- Default suite -->
</testng-results>
